  buggedClient.cpp
c:\users\dotlaptop\desktop\graham\assignments\teamproject\buggedclient\weapon.h(271): warning C4244: 'argument': conversion from 'time_t' to 'unsigned int', possible loss of data
c:\users\dotlaptop\desktop\graham\assignments\teamproject\buggedclient\weapon.h(327): warning C4244: 'argument': conversion from 'time_t' to 'unsigned int', possible loss of data
c:\users\dotlaptop\desktop\graham\assignments\teamproject\buggedclient\mecha.h(257): warning C4244: 'argument': conversion from 'time_t' to 'unsigned int', possible loss of data
c:\users\dotlaptop\desktop\graham\assignments\teamproject\buggedclient\mechplay.cpp(238): warning C4018: '<': signed/unsigned mismatch
c:\users\dotlaptop\desktop\graham\assignments\teamproject\buggedclient\mechplay.cpp(243): warning C4018: '<': signed/unsigned mismatch
c:\users\dotlaptop\desktop\graham\assignments\teamproject\buggedclient\mechplay.cpp(245): warning C4018: '<': signed/unsigned mismatch
c:\users\dotlaptop\desktop\graham\assignments\teamproject\buggedclient\mechplay.cpp(280): warning C4018: '<': signed/unsigned mismatch
c:\users\dotlaptop\desktop\graham\assignments\teamproject\buggedclient\mechplay.cpp(309): warning C4018: '<': signed/unsigned mismatch
c:\users\dotlaptop\desktop\graham\assignments\teamproject\buggedclient\mechplay.cpp(314): warning C4018: '<': signed/unsigned mismatch
c:\users\dotlaptop\desktop\graham\assignments\teamproject\buggedclient\mechplay.cpp(456): warning C4018: '<': signed/unsigned mismatch
c:\users\dotlaptop\desktop\graham\assignments\teamproject\buggedclient\mechplay.cpp(470): warning C4018: '<': signed/unsigned mismatch
c:\users\dotlaptop\desktop\graham\assignments\teamproject\buggedclient\buggedclient.cpp(129): warning C4018: '<': signed/unsigned mismatch
  MechPlay.cpp
c:\users\dotlaptop\desktop\graham\assignments\teamproject\buggedclient\weapon.h(271): warning C4244: 'argument': conversion from 'time_t' to 'unsigned int', possible loss of data
c:\users\dotlaptop\desktop\graham\assignments\teamproject\buggedclient\weapon.h(327): warning C4244: 'argument': conversion from 'time_t' to 'unsigned int', possible loss of data
c:\users\dotlaptop\desktop\graham\assignments\teamproject\buggedclient\mecha.h(257): warning C4244: 'argument': conversion from 'time_t' to 'unsigned int', possible loss of data
c:\users\dotlaptop\desktop\graham\assignments\teamproject\buggedclient\mechplay.cpp(238): warning C4018: '<': signed/unsigned mismatch
c:\users\dotlaptop\desktop\graham\assignments\teamproject\buggedclient\mechplay.cpp(243): warning C4018: '<': signed/unsigned mismatch
c:\users\dotlaptop\desktop\graham\assignments\teamproject\buggedclient\mechplay.cpp(245): warning C4018: '<': signed/unsigned mismatch
c:\users\dotlaptop\desktop\graham\assignments\teamproject\buggedclient\mechplay.cpp(280): warning C4018: '<': signed/unsigned mismatch
c:\users\dotlaptop\desktop\graham\assignments\teamproject\buggedclient\mechplay.cpp(309): warning C4018: '<': signed/unsigned mismatch
c:\users\dotlaptop\desktop\graham\assignments\teamproject\buggedclient\mechplay.cpp(314): warning C4018: '<': signed/unsigned mismatch
c:\users\dotlaptop\desktop\graham\assignments\teamproject\buggedclient\mechplay.cpp(456): warning C4018: '<': signed/unsigned mismatch
c:\users\dotlaptop\desktop\graham\assignments\teamproject\buggedclient\mechplay.cpp(470): warning C4018: '<': signed/unsigned mismatch
  Generating Code...
c:\users\dotlaptop\desktop\graham\assignments\teamproject\buggedclient\mechplay.cpp(487): warning C4715: 'MechPlay::checkMove': not all control paths return a value
c:\users\dotlaptop\desktop\graham\assignments\teamproject\buggedclient\mecha_subs.h(177): warning C4715: 'Summoner::computeDamageReceived': not all control paths return a value
  buggedClient.vcxproj -> C:\Users\DOTlaptop\Desktop\Graham\Assignments\TeamProject\buggedClient\Debug\buggedClient.exe
